<?xml version="1.0" encoding="UTF-8"?>
<!-- Generated by org.testng.reporters.JUnitXMLReporter -->
<testsuite hostname="liana-pc" ignored="0" name="Test" tests="7" failures="1" timestamp="05 May 2017 13:22:58 GMT" time="1.318" errors="0">
  <testcase name="@BeforeMethod beforeMethod" time="1.044" classname="Test.FirstPage.FirstPageTest">
    <failure type="org.openqa.selenium.NoSuchSessionException" message="no such session
  (Driver info: OperaDriver=2.27 (f61056e560d197467fd6d27c7fbd7fea572fe8bd),platform=Linux 4.8.0-49-generic x86_64) (WARNING: The server did not provide any stacktrace information)
Command duration or timeout: 19 milliseconds
Build info: version: &amp;apos;3.3.1&amp;apos;, revision: &amp;apos;5234b325d5&amp;apos;, time: &amp;apos;2017-03-10 09:10:29 +0000&amp;apos;
System info: host: &amp;apos;liana-pc&amp;apos;, ip: &amp;apos;127.0.1.1&amp;apos;, os.name: &amp;apos;Linux&amp;apos;, os.arch: &amp;apos;amd64&amp;apos;, os.version: &amp;apos;4.8.0-49-generic&amp;apos;, java.version: &amp;apos;1.8.0_121&amp;apos;
Driver info: org.openqa.selenium.opera.OperaDriver
Capabilities [{message=unknown error: cannot find Opera binary
  (Driver info: OperaDriver=2.27 (f61056e560d197467fd6d27c7fbd7fea572fe8bd),platform=Linux 4.8.0-49-generic x86_64), platform=ANY}]
Session ID: df8495f8d5a5281fe3d2cefd9cb5ed7c">
      <![CDATA[org.openqa.selenium.NoSuchSessionException: no such session
  (Driver info: OperaDriver=2.27 (f61056e560d197467fd6d27c7fbd7fea572fe8bd),platform=Linux 4.8.0-49-generic x86_64) (WARNING: The server did not provide any stacktrace information)
Command duration or timeout: 19 milliseconds
Build info: version: '3.3.1', revision: '5234b325d5', time: '2017-03-10 09:10:29 +0000'
System info: host: 'liana-pc', ip: '127.0.1.1', os.name: 'Linux', os.arch: 'amd64', os.version: '4.8.0-49-generic', java.version: '1.8.0_121'
Driver info: org.openqa.selenium.opera.OperaDriver
Capabilities [{message=unknown error: cannot find Opera binary
  (Driver info: OperaDriver=2.27 (f61056e560d197467fd6d27c7fbd7fea572fe8bd),platform=Linux 4.8.0-49-generic x86_64), platform=ANY}]
Session ID: df8495f8d5a5281fe3d2cefd9cb5ed7c
	at org.openqa.selenium.remote.ErrorHandler.createThrowable(ErrorHandler.java:216)
	at org.openqa.selenium.remote.ErrorHandler.throwIfResponseFailed(ErrorHandler.java:168)
	at org.openqa.selenium.remote.RemoteWebDriver.execute(RemoteWebDriver.java:638)
	at org.openqa.selenium.remote.RemoteWebDriver.get(RemoteWebDriver.java:325)
	at WebDriverSupport.WebDriverBase.start(WebDriverBase.java:80)
	at Test.FirstPage.FirstPageTest.initializeMembers(FirstPageTest.java:37)
	at Test.FirstPage.FirstPageTest.beforeMethod(FirstPageTest.java:24)
... Removed 34 stack frames]]>
    </failure>
  </testcase> <!-- @BeforeMethod beforeMethod -->
  <testcase name="@AfterMethod cleanUp" time="0.014" classname="Test.FirstPage.FirstPageTest">
    <failure type="org.openqa.selenium.NoSuchSessionException" message="no such session
  (Driver info: OperaDriver=2.27 (f61056e560d197467fd6d27c7fbd7fea572fe8bd),platform=Linux 4.8.0-49-generic x86_64) (WARNING: The server did not provide any stacktrace information)
Command duration or timeout: 12 milliseconds
Build info: version: &amp;apos;3.3.1&amp;apos;, revision: &amp;apos;5234b325d5&amp;apos;, time: &amp;apos;2017-03-10 09:10:29 +0000&amp;apos;
System info: host: &amp;apos;liana-pc&amp;apos;, ip: &amp;apos;127.0.1.1&amp;apos;, os.name: &amp;apos;Linux&amp;apos;, os.arch: &amp;apos;amd64&amp;apos;, os.version: &amp;apos;4.8.0-49-generic&amp;apos;, java.version: &amp;apos;1.8.0_121&amp;apos;
Driver info: org.openqa.selenium.opera.OperaDriver
Capabilities [{message=unknown error: cannot find Opera binary
  (Driver info: OperaDriver=2.27 (f61056e560d197467fd6d27c7fbd7fea572fe8bd),platform=Linux 4.8.0-49-generic x86_64), platform=ANY}]
Session ID: df8495f8d5a5281fe3d2cefd9cb5ed7c">
      <![CDATA[org.openqa.selenium.NoSuchSessionException: no such session
  (Driver info: OperaDriver=2.27 (f61056e560d197467fd6d27c7fbd7fea572fe8bd),platform=Linux 4.8.0-49-generic x86_64) (WARNING: The server did not provide any stacktrace information)
Command duration or timeout: 12 milliseconds
Build info: version: '3.3.1', revision: '5234b325d5', time: '2017-03-10 09:10:29 +0000'
System info: host: 'liana-pc', ip: '127.0.1.1', os.name: 'Linux', os.arch: 'amd64', os.version: '4.8.0-49-generic', java.version: '1.8.0_121'
Driver info: org.openqa.selenium.opera.OperaDriver
Capabilities [{message=unknown error: cannot find Opera binary
  (Driver info: OperaDriver=2.27 (f61056e560d197467fd6d27c7fbd7fea572fe8bd),platform=Linux 4.8.0-49-generic x86_64), platform=ANY}]
Session ID: df8495f8d5a5281fe3d2cefd9cb5ed7c
	at org.openqa.selenium.remote.ErrorHandler.createThrowable(ErrorHandler.java:216)
	at org.openqa.selenium.remote.ErrorHandler.throwIfResponseFailed(ErrorHandler.java:168)
	at org.openqa.selenium.remote.RemoteWebDriver.execute(RemoteWebDriver.java:638)
	at org.openqa.selenium.remote.RemoteWebDriver.execute(RemoteWebDriver.java:661)
	at org.openqa.selenium.remote.RemoteWebDriver$RemoteWebDriverOptions.deleteAllCookies(RemoteWebDriver.java:743)
	at Test.FirstPage.FirstPageTest.cleanUp(FirstPageTest.java:28)
... Removed 34 stack frames]]>
    </failure>
  </testcase> <!-- @AfterMethod cleanUp -->
  <testcase name="@BeforeMethod start" time="0.032" classname="Test.BaseTest.BaseTest">
    <failure type="org.openqa.selenium.NoSuchSessionException" message="no such session
  (Driver info: OperaDriver=2.27 (f61056e560d197467fd6d27c7fbd7fea572fe8bd),platform=Linux 4.8.0-49-generic x86_64) (WARNING: The server did not provide any stacktrace information)
Command duration or timeout: 12 milliseconds
Build info: version: &amp;apos;3.3.1&amp;apos;, revision: &amp;apos;5234b325d5&amp;apos;, time: &amp;apos;2017-03-10 09:10:29 +0000&amp;apos;
System info: host: &amp;apos;liana-pc&amp;apos;, ip: &amp;apos;127.0.1.1&amp;apos;, os.name: &amp;apos;Linux&amp;apos;, os.arch: &amp;apos;amd64&amp;apos;, os.version: &amp;apos;4.8.0-49-generic&amp;apos;, java.version: &amp;apos;1.8.0_121&amp;apos;
Driver info: org.openqa.selenium.opera.OperaDriver
Capabilities [{message=unknown error: cannot find Opera binary
  (Driver info: OperaDriver=2.27 (f61056e560d197467fd6d27c7fbd7fea572fe8bd),platform=Linux 4.8.0-49-generic x86_64), platform=ANY}]
Session ID: df8495f8d5a5281fe3d2cefd9cb5ed7c
*** Element info: {Using=xpath, value=//input[@name=&amp;apos;email&amp;apos;]}">
      <![CDATA[org.openqa.selenium.NoSuchSessionException: no such session
  (Driver info: OperaDriver=2.27 (f61056e560d197467fd6d27c7fbd7fea572fe8bd),platform=Linux 4.8.0-49-generic x86_64) (WARNING: The server did not provide any stacktrace information)
Command duration or timeout: 12 milliseconds
Build info: version: '3.3.1', revision: '5234b325d5', time: '2017-03-10 09:10:29 +0000'
System info: host: 'liana-pc', ip: '127.0.1.1', os.name: 'Linux', os.arch: 'amd64', os.version: '4.8.0-49-generic', java.version: '1.8.0_121'
Driver info: org.openqa.selenium.opera.OperaDriver
Capabilities [{message=unknown error: cannot find Opera binary
  (Driver info: OperaDriver=2.27 (f61056e560d197467fd6d27c7fbd7fea572fe8bd),platform=Linux 4.8.0-49-generic x86_64), platform=ANY}]
Session ID: df8495f8d5a5281fe3d2cefd9cb5ed7c
*** Element info: {Using=xpath, value=//input[@name='email']}
	at org.openqa.selenium.remote.ErrorHandler.createThrowable(ErrorHandler.java:216)
	at org.openqa.selenium.remote.ErrorHandler.throwIfResponseFailed(ErrorHandler.java:168)
	at org.openqa.selenium.remote.RemoteWebDriver.execute(RemoteWebDriver.java:638)
	at org.openqa.selenium.remote.RemoteWebDriver.findElement(RemoteWebDriver.java:371)
	at org.openqa.selenium.remote.RemoteWebDriver.findElementByXPath(RemoteWebDriver.java:476)
	at org.openqa.selenium.By$ByXPath.findElement(By.java:361)
	at org.openqa.selenium.remote.RemoteWebDriver.findElement(RemoteWebDriver.java:363)
	at org.openqa.selenium.support.pagefactory.DefaultElementLocator.findElement(DefaultElementLocator.java:69)
	at org.openqa.selenium.support.pagefactory.internal.LocatingElementHandler.invoke(LocatingElementHandler.java:38)
	at com.sun.proxy.$Proxy7.clear(Unknown Source)
	at Pages.Login.LoginPage.clearUsernameField(LoginPage.java:56)
	at Pages.Login.LoginPage.login(LoginPage.java:34)
	at Test.HomePage.HomePageTest.openPage(HomePageTest.java:27)
	at Test.BaseTest.BaseTest.start(BaseTest.java:29)
... Removed 34 stack frames]]>
    </failure>
  </testcase> <!-- @BeforeMethod start -->
  <testcase name="@BeforeMethod start" time="0.015" classname="Test.BaseTest.BaseTest">
    <failure type="org.openqa.selenium.NoSuchSessionException" message="no such session
  (Driver info: OperaDriver=2.27 (f61056e560d197467fd6d27c7fbd7fea572fe8bd),platform=Linux 4.8.0-49-generic x86_64) (WARNING: The server did not provide any stacktrace information)
Command duration or timeout: 12 milliseconds
Build info: version: &amp;apos;3.3.1&amp;apos;, revision: &amp;apos;5234b325d5&amp;apos;, time: &amp;apos;2017-03-10 09:10:29 +0000&amp;apos;
System info: host: &amp;apos;liana-pc&amp;apos;, ip: &amp;apos;127.0.1.1&amp;apos;, os.name: &amp;apos;Linux&amp;apos;, os.arch: &amp;apos;amd64&amp;apos;, os.version: &amp;apos;4.8.0-49-generic&amp;apos;, java.version: &amp;apos;1.8.0_121&amp;apos;
Driver info: org.openqa.selenium.opera.OperaDriver
Capabilities [{message=unknown error: cannot find Opera binary
  (Driver info: OperaDriver=2.27 (f61056e560d197467fd6d27c7fbd7fea572fe8bd),platform=Linux 4.8.0-49-generic x86_64), platform=ANY}]
Session ID: df8495f8d5a5281fe3d2cefd9cb5ed7c
*** Element info: {Using=xpath, value=//input[@name=&amp;apos;email&amp;apos;]}">
      <![CDATA[org.openqa.selenium.NoSuchSessionException: no such session
  (Driver info: OperaDriver=2.27 (f61056e560d197467fd6d27c7fbd7fea572fe8bd),platform=Linux 4.8.0-49-generic x86_64) (WARNING: The server did not provide any stacktrace information)
Command duration or timeout: 12 milliseconds
Build info: version: '3.3.1', revision: '5234b325d5', time: '2017-03-10 09:10:29 +0000'
System info: host: 'liana-pc', ip: '127.0.1.1', os.name: 'Linux', os.arch: 'amd64', os.version: '4.8.0-49-generic', java.version: '1.8.0_121'
Driver info: org.openqa.selenium.opera.OperaDriver
Capabilities [{message=unknown error: cannot find Opera binary
  (Driver info: OperaDriver=2.27 (f61056e560d197467fd6d27c7fbd7fea572fe8bd),platform=Linux 4.8.0-49-generic x86_64), platform=ANY}]
Session ID: df8495f8d5a5281fe3d2cefd9cb5ed7c
*** Element info: {Using=xpath, value=//input[@name='email']}
	at org.openqa.selenium.remote.ErrorHandler.createThrowable(ErrorHandler.java:216)
	at org.openqa.selenium.remote.ErrorHandler.throwIfResponseFailed(ErrorHandler.java:168)
	at org.openqa.selenium.remote.RemoteWebDriver.execute(RemoteWebDriver.java:638)
	at org.openqa.selenium.remote.RemoteWebDriver.findElement(RemoteWebDriver.java:371)
	at org.openqa.selenium.remote.RemoteWebDriver.findElementByXPath(RemoteWebDriver.java:476)
	at org.openqa.selenium.By$ByXPath.findElement(By.java:361)
	at org.openqa.selenium.remote.RemoteWebDriver.findElement(RemoteWebDriver.java:363)
	at org.openqa.selenium.support.pagefactory.DefaultElementLocator.findElement(DefaultElementLocator.java:69)
	at org.openqa.selenium.support.pagefactory.internal.LocatingElementHandler.invoke(LocatingElementHandler.java:38)
	at com.sun.proxy.$Proxy7.clear(Unknown Source)
	at Pages.Login.LoginPage.clearUsernameField(LoginPage.java:56)
	at Pages.Login.LoginPage.login(LoginPage.java:34)
	at Test.HomePage.HomePageTest.openPage(HomePageTest.java:27)
	at Test.BaseTest.BaseTest.start(BaseTest.java:29)
... Removed 34 stack frames]]>
    </failure>
  </testcase> <!-- @BeforeMethod start -->
  <testcase name="@BeforeMethod start" time="0.014" classname="Test.BaseTest.BaseTest">
    <failure type="org.openqa.selenium.NoSuchSessionException" message="no such session
  (Driver info: OperaDriver=2.27 (f61056e560d197467fd6d27c7fbd7fea572fe8bd),platform=Linux 4.8.0-49-generic x86_64) (WARNING: The server did not provide any stacktrace information)
Command duration or timeout: 12 milliseconds
Build info: version: &amp;apos;3.3.1&amp;apos;, revision: &amp;apos;5234b325d5&amp;apos;, time: &amp;apos;2017-03-10 09:10:29 +0000&amp;apos;
System info: host: &amp;apos;liana-pc&amp;apos;, ip: &amp;apos;127.0.1.1&amp;apos;, os.name: &amp;apos;Linux&amp;apos;, os.arch: &amp;apos;amd64&amp;apos;, os.version: &amp;apos;4.8.0-49-generic&amp;apos;, java.version: &amp;apos;1.8.0_121&amp;apos;
Driver info: org.openqa.selenium.opera.OperaDriver
Capabilities [{message=unknown error: cannot find Opera binary
  (Driver info: OperaDriver=2.27 (f61056e560d197467fd6d27c7fbd7fea572fe8bd),platform=Linux 4.8.0-49-generic x86_64), platform=ANY}]
Session ID: df8495f8d5a5281fe3d2cefd9cb5ed7c
*** Element info: {Using=xpath, value=//input[@name=&amp;apos;email&amp;apos;]}">
      <![CDATA[org.openqa.selenium.NoSuchSessionException: no such session
  (Driver info: OperaDriver=2.27 (f61056e560d197467fd6d27c7fbd7fea572fe8bd),platform=Linux 4.8.0-49-generic x86_64) (WARNING: The server did not provide any stacktrace information)
Command duration or timeout: 12 milliseconds
Build info: version: '3.3.1', revision: '5234b325d5', time: '2017-03-10 09:10:29 +0000'
System info: host: 'liana-pc', ip: '127.0.1.1', os.name: 'Linux', os.arch: 'amd64', os.version: '4.8.0-49-generic', java.version: '1.8.0_121'
Driver info: org.openqa.selenium.opera.OperaDriver
Capabilities [{message=unknown error: cannot find Opera binary
  (Driver info: OperaDriver=2.27 (f61056e560d197467fd6d27c7fbd7fea572fe8bd),platform=Linux 4.8.0-49-generic x86_64), platform=ANY}]
Session ID: df8495f8d5a5281fe3d2cefd9cb5ed7c
*** Element info: {Using=xpath, value=//input[@name='email']}
	at org.openqa.selenium.remote.ErrorHandler.createThrowable(ErrorHandler.java:216)
	at org.openqa.selenium.remote.ErrorHandler.throwIfResponseFailed(ErrorHandler.java:168)
	at org.openqa.selenium.remote.RemoteWebDriver.execute(RemoteWebDriver.java:638)
	at org.openqa.selenium.remote.RemoteWebDriver.findElement(RemoteWebDriver.java:371)
	at org.openqa.selenium.remote.RemoteWebDriver.findElementByXPath(RemoteWebDriver.java:476)
	at org.openqa.selenium.By$ByXPath.findElement(By.java:361)
	at org.openqa.selenium.remote.RemoteWebDriver.findElement(RemoteWebDriver.java:363)
	at org.openqa.selenium.support.pagefactory.DefaultElementLocator.findElement(DefaultElementLocator.java:69)
	at org.openqa.selenium.support.pagefactory.internal.LocatingElementHandler.invoke(LocatingElementHandler.java:38)
	at com.sun.proxy.$Proxy7.clear(Unknown Source)
	at Pages.Login.LoginPage.clearUsernameField(LoginPage.java:56)
	at Pages.Login.LoginPage.login(LoginPage.java:34)
	at Test.HomePage.HomePageTest.openPage(HomePageTest.java:27)
	at Test.BaseTest.BaseTest.start(BaseTest.java:29)
... Removed 34 stack frames]]>
    </failure>
  </testcase> <!-- @BeforeMethod start -->
  <testcase name="@BeforeMethod start" time="0.016" classname="Test.BaseTest.BaseTest">
    <failure type="org.openqa.selenium.NoSuchSessionException" message="no such session
  (Driver info: OperaDriver=2.27 (f61056e560d197467fd6d27c7fbd7fea572fe8bd),platform=Linux 4.8.0-49-generic x86_64) (WARNING: The server did not provide any stacktrace information)
Command duration or timeout: 13 milliseconds
Build info: version: &amp;apos;3.3.1&amp;apos;, revision: &amp;apos;5234b325d5&amp;apos;, time: &amp;apos;2017-03-10 09:10:29 +0000&amp;apos;
System info: host: &amp;apos;liana-pc&amp;apos;, ip: &amp;apos;127.0.1.1&amp;apos;, os.name: &amp;apos;Linux&amp;apos;, os.arch: &amp;apos;amd64&amp;apos;, os.version: &amp;apos;4.8.0-49-generic&amp;apos;, java.version: &amp;apos;1.8.0_121&amp;apos;
Driver info: org.openqa.selenium.opera.OperaDriver
Capabilities [{message=unknown error: cannot find Opera binary
  (Driver info: OperaDriver=2.27 (f61056e560d197467fd6d27c7fbd7fea572fe8bd),platform=Linux 4.8.0-49-generic x86_64), platform=ANY}]
Session ID: df8495f8d5a5281fe3d2cefd9cb5ed7c
*** Element info: {Using=xpath, value=//input[@name=&amp;apos;email&amp;apos;]}">
      <![CDATA[org.openqa.selenium.NoSuchSessionException: no such session
  (Driver info: OperaDriver=2.27 (f61056e560d197467fd6d27c7fbd7fea572fe8bd),platform=Linux 4.8.0-49-generic x86_64) (WARNING: The server did not provide any stacktrace information)
Command duration or timeout: 13 milliseconds
Build info: version: '3.3.1', revision: '5234b325d5', time: '2017-03-10 09:10:29 +0000'
System info: host: 'liana-pc', ip: '127.0.1.1', os.name: 'Linux', os.arch: 'amd64', os.version: '4.8.0-49-generic', java.version: '1.8.0_121'
Driver info: org.openqa.selenium.opera.OperaDriver
Capabilities [{message=unknown error: cannot find Opera binary
  (Driver info: OperaDriver=2.27 (f61056e560d197467fd6d27c7fbd7fea572fe8bd),platform=Linux 4.8.0-49-generic x86_64), platform=ANY}]
Session ID: df8495f8d5a5281fe3d2cefd9cb5ed7c
*** Element info: {Using=xpath, value=//input[@name='email']}
	at org.openqa.selenium.remote.ErrorHandler.createThrowable(ErrorHandler.java:216)
	at org.openqa.selenium.remote.ErrorHandler.throwIfResponseFailed(ErrorHandler.java:168)
	at org.openqa.selenium.remote.RemoteWebDriver.execute(RemoteWebDriver.java:638)
	at org.openqa.selenium.remote.RemoteWebDriver.findElement(RemoteWebDriver.java:371)
	at org.openqa.selenium.remote.RemoteWebDriver.findElementByXPath(RemoteWebDriver.java:476)
	at org.openqa.selenium.By$ByXPath.findElement(By.java:361)
	at org.openqa.selenium.remote.RemoteWebDriver.findElement(RemoteWebDriver.java:363)
	at org.openqa.selenium.support.pagefactory.DefaultElementLocator.findElement(DefaultElementLocator.java:69)
	at org.openqa.selenium.support.pagefactory.internal.LocatingElementHandler.invoke(LocatingElementHandler.java:38)
	at com.sun.proxy.$Proxy7.clear(Unknown Source)
	at Pages.Login.LoginPage.clearUsernameField(LoginPage.java:56)
	at Pages.Login.LoginPage.login(LoginPage.java:34)
	at Test.HomePage.HomePageTest.openPage(HomePageTest.java:27)
	at Test.BaseTest.BaseTest.start(BaseTest.java:29)
... Removed 34 stack frames]]>
    </failure>
  </testcase> <!-- @BeforeMethod start -->
  <testcase name="@BeforeMethod start" time="0.017" classname="Test.BaseTest.BaseTest">
    <failure type="org.openqa.selenium.NoSuchSessionException" message="no such session
  (Driver info: OperaDriver=2.27 (f61056e560d197467fd6d27c7fbd7fea572fe8bd),platform=Linux 4.8.0-49-generic x86_64) (WARNING: The server did not provide any stacktrace information)
Command duration or timeout: 13 milliseconds
Build info: version: &amp;apos;3.3.1&amp;apos;, revision: &amp;apos;5234b325d5&amp;apos;, time: &amp;apos;2017-03-10 09:10:29 +0000&amp;apos;
System info: host: &amp;apos;liana-pc&amp;apos;, ip: &amp;apos;127.0.1.1&amp;apos;, os.name: &amp;apos;Linux&amp;apos;, os.arch: &amp;apos;amd64&amp;apos;, os.version: &amp;apos;4.8.0-49-generic&amp;apos;, java.version: &amp;apos;1.8.0_121&amp;apos;
Driver info: org.openqa.selenium.opera.OperaDriver
Capabilities [{message=unknown error: cannot find Opera binary
  (Driver info: OperaDriver=2.27 (f61056e560d197467fd6d27c7fbd7fea572fe8bd),platform=Linux 4.8.0-49-generic x86_64), platform=ANY}]
Session ID: df8495f8d5a5281fe3d2cefd9cb5ed7c
*** Element info: {Using=xpath, value=//input[@name=&amp;apos;email&amp;apos;]}">
      <![CDATA[org.openqa.selenium.NoSuchSessionException: no such session
  (Driver info: OperaDriver=2.27 (f61056e560d197467fd6d27c7fbd7fea572fe8bd),platform=Linux 4.8.0-49-generic x86_64) (WARNING: The server did not provide any stacktrace information)
Command duration or timeout: 13 milliseconds
Build info: version: '3.3.1', revision: '5234b325d5', time: '2017-03-10 09:10:29 +0000'
System info: host: 'liana-pc', ip: '127.0.1.1', os.name: 'Linux', os.arch: 'amd64', os.version: '4.8.0-49-generic', java.version: '1.8.0_121'
Driver info: org.openqa.selenium.opera.OperaDriver
Capabilities [{message=unknown error: cannot find Opera binary
  (Driver info: OperaDriver=2.27 (f61056e560d197467fd6d27c7fbd7fea572fe8bd),platform=Linux 4.8.0-49-generic x86_64), platform=ANY}]
Session ID: df8495f8d5a5281fe3d2cefd9cb5ed7c
*** Element info: {Using=xpath, value=//input[@name='email']}
	at org.openqa.selenium.remote.ErrorHandler.createThrowable(ErrorHandler.java:216)
	at org.openqa.selenium.remote.ErrorHandler.throwIfResponseFailed(ErrorHandler.java:168)
	at org.openqa.selenium.remote.RemoteWebDriver.execute(RemoteWebDriver.java:638)
	at org.openqa.selenium.remote.RemoteWebDriver.findElement(RemoteWebDriver.java:371)
	at org.openqa.selenium.remote.RemoteWebDriver.findElementByXPath(RemoteWebDriver.java:476)
	at org.openqa.selenium.By$ByXPath.findElement(By.java:361)
	at org.openqa.selenium.remote.RemoteWebDriver.findElement(RemoteWebDriver.java:363)
	at org.openqa.selenium.support.pagefactory.DefaultElementLocator.findElement(DefaultElementLocator.java:69)
	at org.openqa.selenium.support.pagefactory.internal.LocatingElementHandler.invoke(LocatingElementHandler.java:38)
	at com.sun.proxy.$Proxy7.clear(Unknown Source)
	at Pages.Login.LoginPage.clearUsernameField(LoginPage.java:56)
	at Pages.Login.LoginPage.login(LoginPage.java:34)
	at Test.HomePage.HomePageTest.openPage(HomePageTest.java:27)
	at Test.BaseTest.BaseTest.start(BaseTest.java:29)
... Removed 34 stack frames]]>
    </failure>
  </testcase> <!-- @BeforeMethod start -->
  <testcase name="@AfterTest finish" time="0.011" classname="Test.FirstPage.FirstPageTest">
    <failure type="org.openqa.selenium.NoSuchSessionException" message="no such session
  (Driver info: OperaDriver=2.27 (f61056e560d197467fd6d27c7fbd7fea572fe8bd),platform=Linux 4.8.0-49-generic x86_64) (WARNING: The server did not provide any stacktrace information)
Command duration or timeout: 11 milliseconds
Build info: version: &amp;apos;3.3.1&amp;apos;, revision: &amp;apos;5234b325d5&amp;apos;, time: &amp;apos;2017-03-10 09:10:29 +0000&amp;apos;
System info: host: &amp;apos;liana-pc&amp;apos;, ip: &amp;apos;127.0.1.1&amp;apos;, os.name: &amp;apos;Linux&amp;apos;, os.arch: &amp;apos;amd64&amp;apos;, os.version: &amp;apos;4.8.0-49-generic&amp;apos;, java.version: &amp;apos;1.8.0_121&amp;apos;
Driver info: org.openqa.selenium.opera.OperaDriver
Capabilities [{message=unknown error: cannot find Opera binary
  (Driver info: OperaDriver=2.27 (f61056e560d197467fd6d27c7fbd7fea572fe8bd),platform=Linux 4.8.0-49-generic x86_64), platform=ANY}]
Session ID: df8495f8d5a5281fe3d2cefd9cb5ed7c">
      <![CDATA[org.openqa.selenium.NoSuchSessionException: no such session
  (Driver info: OperaDriver=2.27 (f61056e560d197467fd6d27c7fbd7fea572fe8bd),platform=Linux 4.8.0-49-generic x86_64) (WARNING: The server did not provide any stacktrace information)
Command duration or timeout: 11 milliseconds
Build info: version: '3.3.1', revision: '5234b325d5', time: '2017-03-10 09:10:29 +0000'
System info: host: 'liana-pc', ip: '127.0.1.1', os.name: 'Linux', os.arch: 'amd64', os.version: '4.8.0-49-generic', java.version: '1.8.0_121'
Driver info: org.openqa.selenium.opera.OperaDriver
Capabilities [{message=unknown error: cannot find Opera binary
  (Driver info: OperaDriver=2.27 (f61056e560d197467fd6d27c7fbd7fea572fe8bd),platform=Linux 4.8.0-49-generic x86_64), platform=ANY}]
Session ID: df8495f8d5a5281fe3d2cefd9cb5ed7c
	at org.openqa.selenium.remote.ErrorHandler.createThrowable(ErrorHandler.java:216)
	at org.openqa.selenium.remote.ErrorHandler.throwIfResponseFailed(ErrorHandler.java:168)
	at org.openqa.selenium.remote.RemoteWebDriver.execute(RemoteWebDriver.java:638)
	at org.openqa.selenium.remote.RemoteWebDriver.execute(RemoteWebDriver.java:661)
	at org.openqa.selenium.remote.RemoteWebDriver.close(RemoteWebDriver.java:490)
	at WebDriverSupport.WebDriverBase.close(WebDriverBase.java:87)
	at Test.FirstPage.FirstPageTest.finish(FirstPageTest.java:32)
... Removed 30 stack frames]]>
    </failure>
  </testcase> <!-- @AfterTest finish -->
  <testcase name="checkTitle" time="0.001" classname="Test.FirstPage.FirstPageTest">
    <skipped/>
  </testcase> <!-- checkTitle -->
  <testcase name="validateCorrectPage" time="0.028" classname="Test.FirstPage.FirstPageTest">
    <failure type="java.lang.AssertionError" message="expected [true] but found [false]">
      <![CDATA[java.lang.AssertionError: expected [true] but found [false]
	at Test.FirstPage.FirstPageTest.validateCorrectPage(FirstPageTest.java:48)
... Removed 32 stack frames]]>
    </failure>
  </testcase> <!-- validateCorrectPage -->
  <testcase name="openCategoryPage" time="0.0" classname="Test.HomePage.HomePageTest">
    <skipped/>
  </testcase> <!-- openCategoryPage -->
  <testcase name="openHBBusinessPage" time="0.0" classname="Test.HomePage.HomePageTest">
    <skipped/>
  </testcase> <!-- openHBBusinessPage -->
  <testcase name="openJoinUsPage" time="0.0" classname="Test.HomePage.HomePageTest">
    <skipped/>
  </testcase> <!-- openJoinUsPage -->
  <testcase name="openScratchAndWinPage" time="0.0" classname="Test.HomePage.HomePageTest">
    <skipped/>
  </testcase> <!-- openScratchAndWinPage -->
  <testcase name="validateLogoutWorks" time="0.0" classname="Test.HomePage.HomePageTest">
    <skipped/>
  </testcase> <!-- validateLogoutWorks -->
</testsuite> <!-- Test -->
