<?xml version="1.0" encoding="UTF-8"?>
<!-- Generated by org.testng.reporters.JUnitReportReporter -->
<testsuite skipped="0" hostname="liana-pc" name="Test.HBBusinessTest.HBBusinessPageTest" tests="12" failures="1" timestamp="23 Apr 2017 16:52:01 GMT" time="166.460" errors="0">
  <testcase name="validateAddWorks" time="13.592" classname="Test.HBBusinessTest.HBBusinessPageTest"/>
  <testcase name="validateNoWrongInputsAdd" time="16.808" classname="Test.HBBusinessTest.HBBusinessPageTest"/>
  <testcase name="validateRightTitle" time="8.172" classname="Test.HBBusinessTest.HBBusinessPageTest"/>
  <testcase name="validateNoWrongInputsAdd" time="19.347" classname="Test.HBBusinessTest.HBBusinessPageTest"/>
  <testcase name="validateNoWrongInputsAdd" time="11.134" classname="Test.HBBusinessTest.HBBusinessPageTest"/>
  <testcase name="validateRightEditPageOpened" time="10.985" classname="Test.HBBusinessTest.HBBusinessPageTest"/>
  <testcase name="validateOpenWorks" time="11.947" classname="Test.HBBusinessTest.HBBusinessPageTest"/>
  <testcase name="validateSearchWorks" time="9.888" classname="Test.HBBusinessTest.HBBusinessPageTest"/>
  <testcase name="validateEditWorks" time="18.733" classname="Test.HBBusinessTest.HBBusinessPageTest"/>
  <testcase name="validateNoWrongInputsAdd" time="17.359" classname="Test.HBBusinessTest.HBBusinessPageTest"/>
  <testcase name="validateNoWrongInputsAdd" time="16.891" classname="Test.HBBusinessTest.HBBusinessPageTest"/>
  <testcase name="validateDeleteWorks" time="11.604" classname="Test.HBBusinessTest.HBBusinessPageTest">
    <failure type="java.lang.AssertionError" message="expected [false] but found [true]">
      <![CDATA[java.lang.AssertionError: expected [false] but found [true]
	at org.testng.Assert.fail(Assert.java:93)
	at org.testng.Assert.failNotEquals(Assert.java:512)
	at org.testng.Assert.assertFalse(Assert.java:62)
	at org.testng.Assert.assertFalse(Assert.java:72)
	at Test.HBBusinessTest.HBBusinessPageTest.validateDeleteWorks(HBBusinessPageTest.java:85)
	at sun.reflect.NativeMethodAccessorImpl.invoke0(Native Method)
	at sun.reflect.NativeMethodAccessorImpl.invoke(NativeMethodAccessorImpl.java:62)
	at sun.reflect.DelegatingMethodAccessorImpl.invoke(DelegatingMethodAccessorImpl.java:43)
	at java.lang.reflect.Method.invoke(Method.java:498)
	at org.testng.internal.MethodInvocationHelper.invokeMethod(MethodInvocationHelper.java:108)
	at org.testng.internal.Invoker.invokeMethod(Invoker.java:661)
	at org.testng.internal.Invoker.invokeTestMethod(Invoker.java:869)
	at org.testng.internal.Invoker.invokeTestMethods(Invoker.java:1193)
	at org.testng.internal.TestMethodWorker.invokeTestMethods(TestMethodWorker.java:126)
	at org.testng.internal.TestMethodWorker.run(TestMethodWorker.java:109)
	at org.testng.TestRunner.privateRun(TestRunner.java:744)
	at org.testng.TestRunner.run(TestRunner.java:602)
	at org.testng.SuiteRunner.runTest(SuiteRunner.java:380)
	at org.testng.SuiteRunner.runSequentially(SuiteRunner.java:375)
	at org.testng.SuiteRunner.privateRun(SuiteRunner.java:340)
	at org.testng.SuiteRunner.run(SuiteRunner.java:289)
	at org.testng.SuiteRunnerWorker.runSuite(SuiteRunnerWorker.java:52)
	at org.testng.SuiteRunnerWorker.run(SuiteRunnerWorker.java:86)
	at org.testng.TestNG.runSuitesSequentially(TestNG.java:1301)
	at org.testng.TestNG.runSuitesLocally(TestNG.java:1226)
	at org.testng.TestNG.runSuites(TestNG.java:1144)
	at org.testng.TestNG.run(TestNG.java:1115)
	at org.apache.maven.surefire.testng.TestNGExecutor.run(TestNGExecutor.java:281)
	at org.apache.maven.surefire.testng.TestNGXmlTestSuite.execute(TestNGXmlTestSuite.java:75)
	at org.apache.maven.surefire.testng.TestNGProvider.invoke(TestNGProvider.java:121)
	at org.apache.maven.surefire.booter.ForkedBooter.invokeProviderInSameClassLoader(ForkedBooter.java:290)
	at org.apache.maven.surefire.booter.ForkedBooter.runSuitesInProcess(ForkedBooter.java:242)
	at org.apache.maven.surefire.booter.ForkedBooter.main(ForkedBooter.java:121)
]]>
    </failure>
  </testcase> <!-- validateDeleteWorks -->
</testsuite> <!-- Test.HBBusinessTest.HBBusinessPageTest -->
