<?xml version="1.0" encoding="UTF-8"?>
<!-- Generated by org.testng.reporters.JUnitReportReporter -->
<testsuite skipped="0" hostname="liana-pc" name="Test.CharitiesTest.CharitiesPageTest" tests="12" failures="0" timestamp="23 Apr 2017 16:52:01 GMT" time="158.846" errors="1">
  <testcase name="validateAddWorks" time="14.117" classname="Test.CharitiesTest.CharitiesPageTest"/>
  <testcase name="validateSearchWorks" time="8.609" classname="Test.CharitiesTest.CharitiesPageTest"/>
  <testcase name="validateRightTitle" time="7.206" classname="Test.CharitiesTest.CharitiesPageTest"/>
  <testcase name="validateRightEditPageOpened" time="12.316" classname="Test.CharitiesTest.CharitiesPageTest"/>
  <testcase name="validateNoWrongInputsAdd" time="12.013" classname="Test.CharitiesTest.CharitiesPageTest"/>
  <testcase name="validateOpenWorks" time="11.541" classname="Test.CharitiesTest.CharitiesPageTest"/>
  <testcase name="validateNoWrongInputsAdd" time="12.698" classname="Test.CharitiesTest.CharitiesPageTest"/>
  <testcase name="validateNoWrongInputsAdd" time="12.350" classname="Test.CharitiesTest.CharitiesPageTest"/>
  <testcase name="validateNoWrongInputsAdd" time="17.697" classname="Test.CharitiesTest.CharitiesPageTest"/>
  <testcase name="validateNoWrongInputsAdd" time="18.518" classname="Test.CharitiesTest.CharitiesPageTest"/>
  <testcase name="validateEditWorks" time="22.551" classname="Test.CharitiesTest.CharitiesPageTest"/>
  <testcase name="validateDeleteWorks" time="9.230" classname="Test.CharitiesTest.CharitiesPageTest">
    <error type="org.openqa.selenium.NoSuchElementException" message="Unable to locate element: {&quot;method&quot;:&quot;xpath&quot;,&quot;selector&quot;:&quot;/html/body/div/div[2]/div[2]/div[2]/div/div/div/div[2]/div[3]/form/div[2]/input&quot;}
Command duration or timeout: 748 milliseconds">
      <![CDATA[org.openqa.selenium.NoSuchElementException: Unable to locate element: {"method":"xpath","selector":"/html/body/div/div[2]/div[2]/div[2]/div/div/div/div[2]/div[3]/form/div[2]/input"}
Command duration or timeout: 748 milliseconds
	at sun.reflect.GeneratedConstructorAccessor13.newInstance(Unknown Source)
	at sun.reflect.DelegatingConstructorAccessorImpl.newInstance(DelegatingConstructorAccessorImpl.java:45)
	at java.lang.reflect.Constructor.newInstance(Constructor.java:423)
	at org.openqa.selenium.remote.ErrorHandler.createThrowable(ErrorHandler.java:216)
	at org.openqa.selenium.remote.ErrorHandler.throwIfResponseFailed(ErrorHandler.java:168)
	at org.openqa.selenium.remote.RemoteWebDriver.execute(RemoteWebDriver.java:638)
	at org.openqa.selenium.remote.RemoteWebDriver.findElement(RemoteWebDriver.java:371)
	at org.openqa.selenium.remote.RemoteWebDriver.findElementByXPath(RemoteWebDriver.java:476)
	at org.openqa.selenium.By$ByXPath.findElement(By.java:361)
	at org.openqa.selenium.remote.RemoteWebDriver.findElement(RemoteWebDriver.java:363)
	at org.openqa.selenium.support.pagefactory.DefaultElementLocator.findElement(DefaultElementLocator.java:69)
	at org.openqa.selenium.support.pagefactory.internal.LocatingElementHandler.invoke(LocatingElementHandler.java:38)
	at com.sun.proxy.$Proxy7.sendKeys(Unknown Source)
	at Pages.Charities.CharitiesPage.searchCharity(CharitiesPage.java:57)
	at Test.CharitiesTest.CharitiesPageTest.validateDeleteWorks(CharitiesPageTest.java:98)
	at sun.reflect.NativeMethodAccessorImpl.invoke0(Native Method)
	at sun.reflect.NativeMethodAccessorImpl.invoke(NativeMethodAccessorImpl.java:62)
	at sun.reflect.DelegatingMethodAccessorImpl.invoke(DelegatingMethodAccessorImpl.java:43)
	at java.lang.reflect.Method.invoke(Method.java:498)
	at org.testng.internal.MethodInvocationHelper.invokeMethod(MethodInvocationHelper.java:108)
	at org.testng.internal.Invoker.invokeMethod(Invoker.java:661)
	at org.testng.internal.Invoker.invokeTestMethod(Invoker.java:869)
	at org.testng.internal.Invoker.invokeTestMethods(Invoker.java:1193)
	at org.testng.internal.TestMethodWorker.invokeTestMethods(TestMethodWorker.java:126)
	at org.testng.internal.TestMethodWorker.run(TestMethodWorker.java:109)
	at org.testng.TestRunner.privateRun(TestRunner.java:744)
	at org.testng.TestRunner.run(TestRunner.java:602)
	at org.testng.SuiteRunner.runTest(SuiteRunner.java:380)
	at org.testng.SuiteRunner.runSequentially(SuiteRunner.java:375)
	at org.testng.SuiteRunner.privateRun(SuiteRunner.java:340)
	at org.testng.SuiteRunner.run(SuiteRunner.java:289)
	at org.testng.SuiteRunnerWorker.runSuite(SuiteRunnerWorker.java:52)
	at org.testng.SuiteRunnerWorker.run(SuiteRunnerWorker.java:86)
	at org.testng.TestNG.runSuitesSequentially(TestNG.java:1301)
	at org.testng.TestNG.runSuitesLocally(TestNG.java:1226)
	at org.testng.TestNG.runSuites(TestNG.java:1144)
	at org.testng.TestNG.run(TestNG.java:1115)
	at org.apache.maven.surefire.testng.TestNGExecutor.run(TestNGExecutor.java:281)
	at org.apache.maven.surefire.testng.TestNGXmlTestSuite.execute(TestNGXmlTestSuite.java:75)
	at org.apache.maven.surefire.testng.TestNGProvider.invoke(TestNGProvider.java:121)
	at org.apache.maven.surefire.booter.ForkedBooter.invokeProviderInSameClassLoader(ForkedBooter.java:290)
	at org.apache.maven.surefire.booter.ForkedBooter.runSuitesInProcess(ForkedBooter.java:242)
	at org.apache.maven.surefire.booter.ForkedBooter.main(ForkedBooter.java:121)
Caused by: org.openqa.selenium.NoSuchElementException: Unable to locate element: {"method":"xpath","selector":"/html/body/div/div[2]/div[2]/div[2]/div/div/div/div[2]/div[3]/form/div[2]/input"}
For documentation on this error, please visit: http://seleniumhq.org/exceptions/no_such_element.html
Build info: version: '3.3.1', revision: '5234b325d5', time: '2017-03-10 09:10:29 +0000'
System info: host: 'liana-pc', ip: '127.0.1.1', os.name: 'Linux', os.arch: 'amd64', os.version: '4.8.0-46-generic', java.version: '1.8.0_121'
Driver info: driver.version: unknown
	at <anonymous class>.FirefoxDriver.prototype.findElementInternal_(file:///tmp/anonymous4361227029740959499webdriver-profile/extensions/fxdriver@googlecode.com/components/driver-component.js:11220)
	at <anonymous class>.FirefoxDriver.prototype.findElement(file:///tmp/anonymous4361227029740959499webdriver-profile/extensions/fxdriver@googlecode.com/components/driver-component.js:11229)
	at <anonymous class>.k(file:///tmp/anonymous4361227029740959499webdriver-profile/extensions/fxdriver@googlecode.com/components/command-processor.js:12706)
	at <anonymous class>.DelayedCommand.prototype.executeInternal_(file:///tmp/anonymous4361227029740959499webdriver-profile/extensions/fxdriver@googlecode.com/components/command-processor.js:12711)
	at <anonymous class>.DelayedCommand.prototype.execute/<(file:///tmp/anonymous4361227029740959499webdriver-profile/extensions/fxdriver@googlecode.com/components/command-processor.js:12653)
]]>
    </error>
  </testcase> <!-- validateDeleteWorks -->
</testsuite> <!-- Test.CharitiesTest.CharitiesPageTest -->
